<?xml version="1.0" encoding="UTF-8"?>
<testsuite name="DeckTest" tests="3" skipped="0" failures="0" errors="0" timestamp="2015-02-23T01:26:24" hostname="skylight" time="26.016">
  <properties/>
  <testcase name="testDeckUnderflow" classname="DeckTest" time="13.007"/>
  <testcase name="testOrderOfTheDeck" classname="DeckTest" time="13.006"/>
  <testcase name="testDeckConstructor" classname="DeckTest" time="0.0010"/>
  <system-out><![CDATA[]]></system-out>
  <system-err><![CDATA[]]></system-err>
</testsuite>
